** Starting Mongrel listening at 0.0.0.0:3000
** Starting Rails with development environment...
** Rails loaded.
** Loading any Rails specific GemPlugins
** Signals ready.  TERM => stop.  USR2 => restart.  INT => stop (no restart).
** Rails signals registered.  HUP => reload (without restart).  It might not work well.
** Mongrel 1.1.4 available at 0.0.0.0:3000
** Use CTRL-C to stop.
=> Booting Mongrel (use 'script/server webrick' to force WEBrick)
=> Rails application starting on http://0.0.0.0:3000
=> Call with -d to detach
=> Ctrl-C to shutdown server


Processing DomainsController#index (for 174.46.233.130 at 2010-12-15 19:46:55) [GET]
  Session ID: BAh7BzoMY3NyZl9pZCIlYTZkODljYzg0NTRhM2E5OGJmOTY2MWMwMWE0ZTFi%0ANWUiCmZsYXNoSUM6J0FjdGlvbkNvbnRyb2xsZXI6OkZsYXNoOjpGbGFzaEhh%0Ac2h7AAY6CkB1c2VkewA%3D--662af3696f0a40704c155840477ac70b4f702b74
  Parameters: {"action"=>"index", "controller"=>"domains"}
WARNING: You're using the Ruby-based MySQL library that ships with Rails. This library is not suited for production. Please install the C-based MySQL library instead (gem install mysql).
  [4;36;1mSQL (0.000217)[0m   [0;1mSET SQL_AUTO_IS_NULL=0[0m
  [4;35;1mDomain Load (0.000994)[0m   [0mSELECT * FROM `domains` [0m
Rendering template within layouts/domains
Rendering domains/index
Completed in 0.01039 (96 reqs/sec) | Rendering: 0.00388 (37%) | DB: 0.00121 (11%) | 200 OK [http://retina.net/domains]


Processing DomainsController#new (for 174.46.233.130 at 2010-12-15 19:47:02) [GET]
  Session ID: BAh7BzoMY3NyZl9pZCIlYTZkODljYzg0NTRhM2E5OGJmOTY2MWMwMWE0ZTFi%0ANWUiCmZsYXNoSUM6J0FjdGlvbkNvbnRyb2xsZXI6OkZsYXNoOjpGbGFzaEhh%0Ac2h7AAY6CkB1c2VkewA%3D--662af3696f0a40704c155840477ac70b4f702b74
  Parameters: {"action"=>"new", "controller"=>"domains"}
  [4;36;1mDomain Columns (0.012120)[0m   [0;1mSHOW FIELDS FROM `domains`[0m
Rendering template within layouts/domains
Rendering domains/new
Completed in 0.02424 (41 reqs/sec) | Rendering: 0.00668 (27%) | DB: 0.01212 (49%) | 200 OK [http://retina.net/domains/new]


Processing DomainsController#create (for 174.46.233.130 at 2010-12-15 19:47:08) [POST]
  Session ID: BAh7BzoMY3NyZl9pZCIlYTZkODljYzg0NTRhM2E5OGJmOTY2MWMwMWE0ZTFi%0ANWUiCmZsYXNoSUM6J0FjdGlvbkNvbnRyb2xsZXI6OkZsYXNoOjpGbGFzaEhh%0Ac2h7AAY6CkB1c2VkewA%3D--662af3696f0a40704c155840477ac70b4f702b74
  Parameters: {"commit"=>"Create", "domain"=>{"name"=>"twitter.com", "uses_hsts"=>"0", "key_strength"=>"", "all_https"=>"0", "all_identifying"=>"0", "ssl_valid"=>"0", "notes"=>"", "uses_https"=>"1", "secure_cookies"=>"0", "mixed_content"=>"1"}, "authenticity_token"=>"069d3e9149bb31265bb83c1dd574c5127d2ded4b", "action"=>"create", "controller"=>"domains"}
  [4;35;1mDomain Columns (0.011918)[0m   [0mSHOW FIELDS FROM `domains`[0m
  [4;36;1mSQL (0.000208)[0m   [0;1mBEGIN[0m
  [4;35;1mDomain Create (0.000357)[0m   [0mINSERT INTO `domains` (`name`, `uses_hsts`, `key_strength`, `updated_at`, `all_https`, `all_identifying`, `ssl_valid`, `notes`, `uses_https`, `secure_cookies`, `created_at`, `mixed_content`) VALUES('twitter.com', 0, '', '2010-12-15 19:47:08', 0, 0, 0, '', 1, 0, '2010-12-15 19:47:08', 1)[0m
  [4;36;1mSQL (0.000555)[0m   [0;1mCOMMIT[0m
Redirected to http://retina.net:3000/domains/1
Completed in 0.02181 (45 reqs/sec) | DB: 0.01304 (59%) | 302 Found [http://retina.net/domains]


Processing DomainsController#show (for 174.46.233.130 at 2010-12-15 19:47:08) [GET]
  Session ID: BAh7BzoMY3NyZl9pZCIlYTZkODljYzg0NTRhM2E5OGJmOTY2MWMwMWE0ZTFi%0ANWUiCmZsYXNoSUM6J0FjdGlvbkNvbnRyb2xsZXI6OkZsYXNoOjpGbGFzaEhh%0Ac2h7BjoLbm90aWNlIiVEb21haW4gd2FzIHN1Y2Nlc3NmdWxseSBjcmVhdGVk%0ALgY6CkB1c2VkewY7B1Q%3D--95d30b1b602f973e06923e9f90063b573d943f0c
  Parameters: {"action"=>"show", "id"=>"1", "controller"=>"domains"}
  [4;35;1mDomain Columns (0.002643)[0m   [0mSHOW FIELDS FROM `domains`[0m
  [4;36;1mDomain Load (0.001035)[0m   [0;1mSELECT * FROM `domains` WHERE (`domains`.`id` = 1) [0m
Rendering template within layouts/domains
Rendering domains/show
Completed in 0.01405 (71 reqs/sec) | Rendering: 0.00453 (32%) | DB: 0.00368 (26%) | 200 OK [http://retina.net/domains/1]


Processing DomainsController#index (for 174.46.233.130 at 2010-12-15 19:47:10) [GET]
  Session ID: BAh7BzoMY3NyZl9pZCIlYTZkODljYzg0NTRhM2E5OGJmOTY2MWMwMWE0ZTFi%0ANWUiCmZsYXNoSUM6J0FjdGlvbkNvbnRyb2xsZXI6OkZsYXNoOjpGbGFzaEhh%0Ac2h7AAY6CkB1c2VkewA%3D--662af3696f0a40704c155840477ac70b4f702b74
  Parameters: {"action"=>"index", "controller"=>"domains"}
  [4;35;1mDomain Load (0.001075)[0m   [0mSELECT * FROM `domains` [0m
Rendering template within layouts/domains
Rendering domains/index
  [4;36;1mDomain Columns (0.002318)[0m   [0;1mSHOW FIELDS FROM `domains`[0m
Completed in 0.01293 (77 reqs/sec) | Rendering: 0.00402 (31%) | DB: 0.00339 (26%) | 200 OK [http://retina.net/domains]


Processing DomainsController#index (for 192.168.2.101 at 2010-12-15 19:58:56) [GET]
  Session ID: BAh7BzoMY3NyZl9pZCIlYTZkODljYzg0NTRhM2E5OGJmOTY2MWMwMWE0ZTFi%0ANWUiCmZsYXNoSUM6J0FjdGlvbkNvbnRyb2xsZXI6OkZsYXNoOjpGbGFzaEhh%0Ac2h7AAY6CkB1c2VkewA%3D--662af3696f0a40704c155840477ac70b4f702b74
  Parameters: {"action"=>"index", "controller"=>"domains"}
  [4;35;1mDomain Load (0.001167)[0m   [0mSELECT * FROM `domains` [0m
Rendering template within layouts/domains
Rendering domains/index
  [4;36;1mDomain Columns (0.011583)[0m   [0;1mSHOW FIELDS FROM `domains`[0m
Completed in 0.02158 (46 reqs/sec) | Rendering: 0.00372 (17%) | DB: 0.01275 (59%) | 200 OK [http://retina.net/domains]


Processing DomainsController#new (for 192.168.2.101 at 2010-12-15 19:59:00) [GET]
  Session ID: BAh7BzoMY3NyZl9pZCIlYTZkODljYzg0NTRhM2E5OGJmOTY2MWMwMWE0ZTFi%0ANWUiCmZsYXNoSUM6J0FjdGlvbkNvbnRyb2xsZXI6OkZsYXNoOjpGbGFzaEhh%0Ac2h7AAY6CkB1c2VkewA%3D--662af3696f0a40704c155840477ac70b4f702b74
  Parameters: {"action"=>"new", "controller"=>"domains"}
  [4;35;1mDomain Columns (0.011613)[0m   [0mSHOW FIELDS FROM `domains`[0m
Rendering template within layouts/domains
Rendering domains/new
Completed in 0.02121 (47 reqs/sec) | Rendering: 0.00420 (19%) | DB: 0.01161 (54%) | 200 OK [http://retina.net/domains/new]


Processing DomainsController#index (for 192.168.2.118 at 2010-12-15 19:59:03) [GET]
  Session ID: deb9c08f014979ae9b6844ffd3083fa0
  Parameters: {"action"=>"index", "controller"=>"domains"}
  [4;36;1mDomain Load (0.001074)[0m   [0;1mSELECT * FROM `domains` [0m
Rendering template within layouts/domains
Rendering domains/index
  [4;35;1mDomain Columns (0.011893)[0m   [0mSHOW FIELDS FROM `domains`[0m
Completed in 0.02197 (45 reqs/sec) | Rendering: 0.00371 (16%) | DB: 0.01297 (59%) | 200 OK [http://retina.net/domains]


Processing DomainsController#new (for 192.168.2.118 at 2010-12-15 19:59:14) [GET]
  Session ID: BAh7BzoMY3NyZl9pZCIlMjA2ZDc2NDNlMGVkYzMzMGZiNWVjYzBjMjc5ZmE0%0AZjMiCmZsYXNoSUM6J0FjdGlvbkNvbnRyb2xsZXI6OkZsYXNoOjpGbGFzaEhh%0Ac2h7AAY6CkB1c2VkewA%3D--0009002fbe1ea3554531d126194145c2829dd382
  Parameters: {"action"=>"new", "controller"=>"domains"}
  [4;36;1mDomain Columns (0.011704)[0m   [0;1mSHOW FIELDS FROM `domains`[0m
Rendering template within layouts/domains
Rendering domains/new
Completed in 0.02121 (47 reqs/sec) | Rendering: 0.00419 (19%) | DB: 0.01170 (55%) | 200 OK [http://retina.net/domains/new]


Processing DomainsController#create (for 192.168.2.118 at 2010-12-15 19:59:32) [POST]
  Session ID: BAh7BzoMY3NyZl9pZCIlMjA2ZDc2NDNlMGVkYzMzMGZiNWVjYzBjMjc5ZmE0%0AZjMiCmZsYXNoSUM6J0FjdGlvbkNvbnRyb2xsZXI6OkZsYXNoOjpGbGFzaEhh%0Ac2h7AAY6CkB1c2VkewA%3D--0009002fbe1ea3554531d126194145c2829dd382
  Parameters: {"commit"=>"Create", "domain"=>{"name"=>"www.example.com", "uses_hsts"=>"1", "key_strength"=>"medium", "all_https"=>"0", "all_identifying"=>"1", "ssl_valid"=>"1", "notes"=>"", "uses_https"=>"1", "secure_cookies"=>"0", "mixed_content"=>"0"}, "authenticity_token"=>"771b968f9650ae2eecc68ec532723540d67a72a4", "action"=>"create", "controller"=>"domains"}
  [4;35;1mDomain Columns (0.012063)[0m   [0mSHOW FIELDS FROM `domains`[0m
  [4;36;1mSQL (0.000211)[0m   [0;1mBEGIN[0m
  [4;35;1mDomain Create (0.000345)[0m   [0mINSERT INTO `domains` (`name`, `uses_hsts`, `key_strength`, `updated_at`, `all_https`, `all_identifying`, `ssl_valid`, `notes`, `uses_https`, `secure_cookies`, `created_at`, `mixed_content`) VALUES('www.example.com', 1, 'medium', '2010-12-15 19:59:32', 0, 1, 1, '', 1, 0, '2010-12-15 19:59:32', 0)[0m
  [4;36;1mSQL (0.000618)[0m   [0;1mCOMMIT[0m
Redirected to http://retina.net:3000/domains/2
Completed in 0.02301 (43 reqs/sec) | DB: 0.01324 (57%) | 302 Found [http://retina.net/domains]


Processing DomainsController#show (for 192.168.2.118 at 2010-12-15 19:59:32) [GET]
  Session ID: BAh7BzoMY3NyZl9pZCIlMjA2ZDc2NDNlMGVkYzMzMGZiNWVjYzBjMjc5ZmE0%0AZjMiCmZsYXNoSUM6J0FjdGlvbkNvbnRyb2xsZXI6OkZsYXNoOjpGbGFzaEhh%0Ac2h7BjoLbm90aWNlIiVEb21haW4gd2FzIHN1Y2Nlc3NmdWxseSBjcmVhdGVk%0ALgY6CkB1c2VkewY7B1Q%3D--4c7ff60aeb3afe97a3014c7399b173b3963c0406
  Parameters: {"action"=>"show", "id"=>"2", "controller"=>"domains"}
  [4;35;1mDomain Columns (0.002644)[0m   [0mSHOW FIELDS FROM `domains`[0m
  [4;36;1mDomain Load (0.001024)[0m   [0;1mSELECT * FROM `domains` WHERE (`domains`.`id` = 2) [0m
Rendering template within layouts/domains
Rendering domains/show
Completed in 0.01236 (80 reqs/sec) | Rendering: 0.00287 (23%) | DB: 0.00367 (29%) | 200 OK [http://retina.net/domains/2]


Processing DomainsController#index (for 192.168.2.118 at 2010-12-15 19:59:40) [GET]
  Session ID: BAh7BzoMY3NyZl9pZCIlMjA2ZDc2NDNlMGVkYzMzMGZiNWVjYzBjMjc5ZmE0%0AZjMiCmZsYXNoSUM6J0FjdGlvbkNvbnRyb2xsZXI6OkZsYXNoOjpGbGFzaEhh%0Ac2h7AAY6CkB1c2VkewA%3D--0009002fbe1ea3554531d126194145c2829dd382
  Parameters: {"action"=>"index", "controller"=>"domains"}
  [4;35;1mDomain Load (0.001246)[0m   [0mSELECT * FROM `domains` [0m
Rendering template within layouts/domains
Rendering domains/index
  [4;36;1mDomain Columns (0.011677)[0m   [0;1mSHOW FIELDS FROM `domains`[0m
Completed in 0.02205 (45 reqs/sec) | Rendering: 0.00401 (18%) | DB: 0.01292 (58%) | 200 OK [http://retina.net/domains]


Processing DomainsController#edit (for 192.168.2.118 at 2010-12-15 20:00:25) [GET]
  Session ID: BAh7BzoMY3NyZl9pZCIlMjA2ZDc2NDNlMGVkYzMzMGZiNWVjYzBjMjc5ZmE0%0AZjMiCmZsYXNoSUM6J0FjdGlvbkNvbnRyb2xsZXI6OkZsYXNoOjpGbGFzaEhh%0Ac2h7AAY6CkB1c2VkewA%3D--0009002fbe1ea3554531d126194145c2829dd382
  Parameters: {"action"=>"edit", "id"=>"2", "controller"=>"domains"}
  [4;35;1mDomain Columns (0.011685)[0m   [0mSHOW FIELDS FROM `domains`[0m
  [4;36;1mDomain Load (0.001531)[0m   [0;1mSELECT * FROM `domains` WHERE (`domains`.`id` = 2) [0m
Rendering template within layouts/domains
Rendering domains/edit
Completed in 0.02503 (39 reqs/sec) | Rendering: 0.00633 (25%) | DB: 0.01322 (52%) | 200 OK [http://retina.net/domains/2/edit]


Processing DomainsController#update (for 192.168.2.118 at 2010-12-15 20:00:30) [PUT]
  Session ID: BAh7BzoMY3NyZl9pZCIlMjA2ZDc2NDNlMGVkYzMzMGZiNWVjYzBjMjc5ZmE0%0AZjMiCmZsYXNoSUM6J0FjdGlvbkNvbnRyb2xsZXI6OkZsYXNoOjpGbGFzaEhh%0Ac2h7AAY6CkB1c2VkewA%3D--0009002fbe1ea3554531d126194145c2829dd382
  Parameters: {"commit"=>"Update", "domain"=>{"name"=>"www.example.com", "uses_hsts"=>"1", "key_strength"=>"medium", "all_https"=>"0", "all_identifying"=>"0", "ssl_valid"=>"1", "notes"=>"", "uses_https"=>"0", "secure_cookies"=>"0", "mixed_content"=>"0"}, "authenticity_token"=>"771b968f9650ae2eecc68ec532723540d67a72a4", "_method"=>"put", "action"=>"update", "id"=>"2", "controller"=>"domains"}
  [4;35;1mDomain Columns (0.011807)[0m   [0mSHOW FIELDS FROM `domains`[0m
  [4;36;1mDomain Load (0.001030)[0m   [0;1mSELECT * FROM `domains` WHERE (`domains`.`id` = 2) [0m
  [4;35;1mSQL (0.000184)[0m   [0mBEGIN[0m
  [4;36;1mDomain Update (0.000345)[0m   [0;1mUPDATE `domains` SET `created_at` = '2010-12-15 19:59:32', `uses_https` = 0, `ssl_valid` = 1, `all_identifying` = 0, `notes` = '', `key_strength` = 'medium', `mixed_content` = 0, `secure_cookies` = 0, `uses_hsts` = 1, `all_https` = 0, `updated_at` = '2010-12-15 20:00:30', `name` = 'www.example.com' WHERE `id` = 2[0m
  [4;35;1mSQL (0.000643)[0m   [0mCOMMIT[0m
Redirected to http://retina.net:3000/domains/2
Completed in 0.02290 (43 reqs/sec) | DB: 0.01401 (61%) | 302 Found [http://retina.net/domains/2]


Processing DomainsController#show (for 192.168.2.118 at 2010-12-15 20:00:30) [GET]
  Session ID: BAh7BzoMY3NyZl9pZCIlMjA2ZDc2NDNlMGVkYzMzMGZiNWVjYzBjMjc5ZmE0%0AZjMiCmZsYXNoSUM6J0FjdGlvbkNvbnRyb2xsZXI6OkZsYXNoOjpGbGFzaEhh%0Ac2h7BjoLbm90aWNlIiVEb21haW4gd2FzIHN1Y2Nlc3NmdWxseSB1cGRhdGVk%0ALgY6CkB1c2VkewY7B1Q%3D--2eb0b32d54ffd321addc7ee834da5af240204f4a
  Parameters: {"action"=>"show", "id"=>"2", "controller"=>"domains"}
  [4;36;1mDomain Columns (0.002626)[0m   [0;1mSHOW FIELDS FROM `domains`[0m
  [4;35;1mDomain Load (0.000990)[0m   [0mSELECT * FROM `domains` WHERE (`domains`.`id` = 2) [0m
Rendering template within layouts/domains
Rendering domains/show
Completed in 0.01180 (84 reqs/sec) | Rendering: 0.00281 (23%) | DB: 0.00362 (30%) | 200 OK [http://retina.net/domains/2]


Processing DomainsController#index (for 192.168.2.118 at 2010-12-15 20:00:33) [GET]
  Session ID: BAh7BzoMY3NyZl9pZCIlMjA2ZDc2NDNlMGVkYzMzMGZiNWVjYzBjMjc5ZmE0%0AZjMiCmZsYXNoSUM6J0FjdGlvbkNvbnRyb2xsZXI6OkZsYXNoOjpGbGFzaEhh%0Ac2h7AAY6CkB1c2VkewA%3D--0009002fbe1ea3554531d126194145c2829dd382
  Parameters: {"action"=>"index", "controller"=>"domains"}
  [4;36;1mDomain Load (0.001171)[0m   [0;1mSELECT * FROM `domains` [0m
Rendering template within layouts/domains
Rendering domains/index
  [4;35;1mDomain Columns (0.011921)[0m   [0mSHOW FIELDS FROM `domains`[0m
Completed in 0.02242 (44 reqs/sec) | Rendering: 0.00430 (19%) | DB: 0.01309 (58%) | 200 OK [http://retina.net/domains]


Processing DomainsController#new (for 192.168.2.101 at 2010-12-15 21:15:51) [GET]
  Session ID: BAh7BzoMY3NyZl9pZCIlYTZkODljYzg0NTRhM2E5OGJmOTY2MWMwMWE0ZTFi%0ANWUiCmZsYXNoSUM6J0FjdGlvbkNvbnRyb2xsZXI6OkZsYXNoOjpGbGFzaEhh%0Ac2h7AAY6CkB1c2VkewA%3D--662af3696f0a40704c155840477ac70b4f702b74
  Parameters: {"action"=>"new", "controller"=>"domains"}
  [4;36;1mDomain Columns (0.011710)[0m   [0;1mSHOW FIELDS FROM `domains`[0m
Rendering template within layouts/domains
Rendering domains/new
Completed in 0.06403 (15 reqs/sec) | Rendering: 0.04676 (73%) | DB: 0.01171 (18%) | 200 OK [http://retina.net/domains/new]


Processing DomainsController#create (for 192.168.2.101 at 2010-12-15 21:15:59) [POST]
  Session ID: BAh7BzoMY3NyZl9pZCIlYTZkODljYzg0NTRhM2E5OGJmOTY2MWMwMWE0ZTFi%0ANWUiCmZsYXNoSUM6J0FjdGlvbkNvbnRyb2xsZXI6OkZsYXNoOjpGbGFzaEhh%0Ac2h7AAY6CkB1c2VkewA%3D--662af3696f0a40704c155840477ac70b4f702b74
  Parameters: {"commit"=>"Create", "domain"=>{"name"=>"twitter.com", "uses_hsts"=>"0", "key_strength"=>"", "all_https"=>"1", "all_identifying"=>"1", "ssl_valid"=>"1", "notes"=>"", "uses_https"=>"1", "secure_cookies"=>"0", "mixed_content"=>"0"}, "authenticity_token"=>"069d3e9149bb31265bb83c1dd574c5127d2ded4b", "action"=>"create", "controller"=>"domains"}
  [4;35;1mDomain Columns (0.011655)[0m   [0mSHOW FIELDS FROM `domains`[0m
  [4;36;1mSQL (0.000208)[0m   [0;1mBEGIN[0m
  [4;35;1mDomain Create (0.000345)[0m   [0mINSERT INTO `domains` (`name`, `uses_hsts`, `key_strength`, `updated_at`, `all_https`, `all_identifying`, `ssl_valid`, `notes`, `uses_https`, `secure_cookies`, `created_at`, `mixed_content`) VALUES('twitter.com', 0, '', '2010-12-15 21:15:59', 1, 1, 1, '', 1, 0, '2010-12-15 21:15:59', 0)[0m
  [4;36;1mSQL (0.000591)[0m   [0;1mCOMMIT[0m
Redirected to http://retina.net:3000/domains/3
Completed in 0.02176 (45 reqs/sec) | DB: 0.01280 (58%) | 302 Found [http://retina.net/domains]


Processing DomainsController#show (for 192.168.2.101 at 2010-12-15 21:15:59) [GET]
  Session ID: BAh7BzoMY3NyZl9pZCIlYTZkODljYzg0NTRhM2E5OGJmOTY2MWMwMWE0ZTFi%0ANWUiCmZsYXNoSUM6J0FjdGlvbkNvbnRyb2xsZXI6OkZsYXNoOjpGbGFzaEhh%0Ac2h7BjoLbm90aWNlIiVEb21haW4gd2FzIHN1Y2Nlc3NmdWxseSBjcmVhdGVk%0ALgY6CkB1c2VkewY7B1Q%3D--95d30b1b602f973e06923e9f90063b573d943f0c
  Parameters: {"action"=>"show", "id"=>"3", "controller"=>"domains"}
  [4;35;1mDomain Columns (0.002686)[0m   [0mSHOW FIELDS FROM `domains`[0m
  [4;36;1mDomain Load (0.001021)[0m   [0;1mSELECT * FROM `domains` WHERE (`domains`.`id` = 3) [0m
Rendering template within layouts/domains
Rendering domains/show
Completed in 0.01282 (78 reqs/sec) | Rendering: 0.00281 (21%) | DB: 0.00371 (28%) | 200 OK [http://retina.net/domains/3]


Processing DomainsController#index (for 192.168.2.101 at 2010-12-15 21:16:01) [GET]
  Session ID: BAh7BzoMY3NyZl9pZCIlYTZkODljYzg0NTRhM2E5OGJmOTY2MWMwMWE0ZTFi%0ANWUiCmZsYXNoSUM6J0FjdGlvbkNvbnRyb2xsZXI6OkZsYXNoOjpGbGFzaEhh%0Ac2h7AAY6CkB1c2VkewA%3D--662af3696f0a40704c155840477ac70b4f702b74
  Parameters: {"action"=>"index", "co** TERM signal received.
ntroller"=>"domains"}
  [4;35;1mDomain Load (0.001246)[0m   [0mSELECT * FROM `domains` [0m
Rendering template within layouts/domains
Rendering domains/index
  [4;36;1mDomain Columns (0.011500)[0m   [0;1mSHOW FIELDS FROM `domains`[0m
Completed in 0.02210 (45 reqs/sec) | Rendering: 0.00423 (19%) | DB: 0.01275 (57%) | 200 OK [http://retina.net/domains]
WARNING: You're using the Ruby-based MySQL library that ships with Rails. This library is not suited for production. Please install the C-based MySQL library instead (gem install mysql).
  [4;36;1mSQL (0.000188)[0m   [0;1mSET SQL_AUTO_IS_NULL=0[0m
  [4;35;1mSQL (0.000471)[0m   [0mSHOW TABLES[0m
  [4;36;1mDomain Columns (0.011586)[0m   [0;1mSHOW FIELDS FROM `domains`[0m
  [4;35;1mSQL (0.000574)[0m   [0mSHOW TABLES[0m
  [4;36;1mDomain Load (0.001181)[0m   [0;1mSELECT * FROM `domains` [0m
  [4;35;1mSQL (0.000576)[0m   [0mSHOW TABLES[0m
  [4;36;1mSQL (0.000565)[0m   [0;1mSHOW TABLES[0m
WARNING: You're using the Ruby-based MySQL library that ships with Rails. This library is not suited for production. Please install the C-based MySQL library instead (gem install mysql).
  [4;36;1mSQL (0.000189)[0m   [0;1mSET SQL_AUTO_IS_NULL=0[0m
  [4;35;1mDomain Load (0.000000)[0m   [0mMysql::Error: #42000You have an error in your SQL syntax; check the manual that corresponds to your MySQL server version for the right syntax to use near '' at line 1: select * from domains where id in (select max(id) from domains group by name[0m
WARNING: You're using the Ruby-based MySQL library that ships with Rails. This library is not suited for production. Please install the C-based MySQL library instead (gem install mysql).
  [4;36;1mSQL (0.000188)[0m   [0;1mSET SQL_AUTO_IS_NULL=0[0m
  [4;35;1mDomain Load (0.001188)[0m   [0mselect * from domains where id in (select max(id) from domains group by name)[0m
  [4;36;1mDomain Columns (0.011532)[0m   [0;1mSHOW FIELDS FROM `domains`[0m
Exiting
** Starting Mongrel listening at 0.0.0.0:3000
** Starting Rails with development environment...
** Rails loaded.
** Loading any Rails specific GemPlugins
** Signals ready.  TERM => stop.  USR2 => restart.  INT => stop (no restart).
** Rails signals registered.  HUP => reload (without restart).  It might not work well.
** Mongrel 1.1.4 available at 0.0.0.0:3000
** Use CTRL-C to stop.
** INT signal received.
=> Booting Mongrel (use 'script/server webrick' to force WEBrick)
=> Rails application starting on http://0.0.0.0:3000
=> Call with -d to detach
=> Ctrl-C to shutdown server


Processing DomainsController#index (for 192.168.2.101 at 2010-12-15 23:47:40) [GET]
  Session ID: BAh7BzoMY3NyZl9pZCIlYTZkODljYzg0NTRhM2E5OGJmOTY2MWMwMWE0ZTFi%0ANWUiCmZsYXNoSUM6J0FjdGlvbkNvbnRyb2xsZXI6OkZsYXNoOjpGbGFzaEhh%0Ac2h7AAY6CkB1c2VkewA%3D--662af3696f0a40704c155840477ac70b4f702b74
  Parameters: {"action"=>"index", "controller"=>"domains"}
WARNING: You're using the Ruby-based MySQL library that ships with Rails. This library is not suited for production. Please install the C-based MySQL library instead (gem install mysql).
  [4;36;1mSQL (0.000219)[0m   [0;1mSET SQL_AUTO_IS_NULL=0[0m
  [4;35;1mDomain Load (0.001262)[0m   [0mselect * from domains where id in (select max(id) from domains group by name)[0m
Rendering template within layouts/domains
Rendering domains/index
  [4;36;1mDomain Columns (0.011615)[0m   [0;1mSHOW FIELDS FROM `domains`[0m
Completed in 0.02578 (38 reqs/sec) | Rendering: 0.00748 (29%) | DB: 0.01310 (50%) | 200 OK [http://retina.net/domains]
Exiting
** Starting Mongrel listening at 0.0.0.0:3000
** Starting Rails with development environment...
** Rails loaded.
** Loading any Rails specific GemPlugins
** Signals ready.  TERM => stop.  USR2 => restart.  INT => stop (no restart).
** Rails signals registered.  HUP => reload (without restart).  It might not work well.
** Mongrel 1.1.4 available at 0.0.0.0:3000
** Use CTRL-C to stop.
** INT signal received.
=> Booting Mongrel (use 'script/server webrick' to force WEBrick)
=> Rails application starting on http://0.0.0.0:3000
=> Call with -d to detach
=> Ctrl-C to shutdown server
Exiting
** Starting Mongrel listening at 0.0.0.0:3000
** Starting Rails with development environment...
** Rails loaded.
** Loading any Rails specific GemPlugins
** Signals ready.  TERM => stop.  USR2 => restart.  INT => stop (no restart).
** Rails signals registered.  HUP => reload (without restart).  It might not work well.
** Mongrel 1.1.4 available at 0.0.0.0:3000
** Use CTRL-C to stop.
** INT signal received.
=> Booting Mongrel (use 'script/server webrick' to force WEBrick)
=> Rails application starting on http://0.0.0.0:3000
=> Call with -d to detach
=> Ctrl-C to shutdown server
Exiting
=> Booting Mongrel
=> Rails 2.3.5 application starting on http://0.0.0.0:3000
=> Call with -d to detach
=> Ctrl-C to shutdown server
Exiting
./script/../config/../vendor/rails/railties/lib/rails/gem_dependency.rb:119:Warning: Gem::Dependency#version_requirements is deprecated and will be removed on or after August 2010.  Use #requirement
./script/../config/../vendor/rails/railties/lib/rails/gem_dependency.rb:119:Warning: Gem::Dependency#version_requirements is deprecated and will be removed on or after August 2010.  Use #requirement
/System/Library/Frameworks/Ruby.framework/Versions/1.8/usr/lib/ruby/gems/1.8/gems/mongrel-1.1.5/lib/mongrel/tcphack.rb:12:in `initialize_without_backlog': Address already in use - bind(2) (Errno::EADDRINUSE)
	from /System/Library/Frameworks/Ruby.framework/Versions/1.8/usr/lib/ruby/gems/1.8/gems/mongrel-1.1.5/lib/mongrel/tcphack.rb:12:in `initialize'
	from /System/Library/Frameworks/Ruby.framework/Versions/1.8/usr/lib/ruby/gems/1.8/gems/mongrel-1.1.5/lib/mongrel.rb:93:in `new'
	from /System/Library/Frameworks/Ruby.framework/Versions/1.8/usr/lib/ruby/gems/1.8/gems/mongrel-1.1.5/lib/mongrel.rb:93:in `initialize'
	from /System/Library/Frameworks/Ruby.framework/Versions/1.8/usr/lib/ruby/gems/1.8/gems/rack-1.0.1/lib/rack/handler/mongrel.rb:10:in `new'
	from /System/Library/Frameworks/Ruby.framework/Versions/1.8/usr/lib/ruby/gems/1.8/gems/rack-1.0.1/lib/rack/handler/mongrel.rb:10:in `run'
	from /Users/jna/src/gothttps/vendor/rails/railties/lib/commands/server.rb:111
	from /Library/Ruby/Site/1.8/rubygems/custom_require.rb:31:in `gem_original_require'
	from /Library/Ruby/Site/1.8/rubygems/custom_require.rb:31:in `require'
	from script/server:3
=> Booting Mongrel
=> Rails 2.3.5 application starting on http://0.0.0.0:3000
=> Call with -d to detach
=> Ctrl-C to shutdown server
Exiting
=> Booting Mongrel
=> Rails 2.3.5 application starting on http://0.0.0.0:3000
=> Call with -d to detach
=> Ctrl-C to shutdown server
  [4;36;1mSQL (0.2ms)[0m   [0;1mSET SQL_AUTO_IS_NULL=0[0m


Processing UserSessionsController#new (for 192.168.2.101 at 2010-12-16 03:25:15) [GET]
  Parameters: {"action"=>"new", "controller"=>"user_sessions"}

NoMethodError (undefined method `require_no_user' for #<UserSessionsController:0x100502138>):
  

Rendered rescues/_trace (39.0ms)
Rendered rescues/_request_and_response (1.5ms)
Rendering rescues/layout (internal_server_error)
  [4;35;1mSQL (0.2ms)[0m   [0mSET SQL_AUTO_IS_NULL=0[0m


Processing UserSessionsController#new (for 192.168.2.101 at 2010-12-16 03:27:39) [GET]
  Parameters: {"action"=>"new", "controller"=>"user_sessions"}
  [4;36;1mUser Columns (2.1ms)[0m   [0;1mSHOW FIELDS FROM `users`[0m
Rendering user_sessions/new
Completed in 118ms (View: 56, DB: 2) | 200 OK [http://retina.net/]
  [4;35;1mSQL (0.2ms)[0m   [0mSET SQL_AUTO_IS_NULL=0[0m


Processing DomainsController#new (for 192.168.2.101 at 2010-12-16 03:27:49) [GET]
  Parameters: {"action"=>"new", "controller"=>"domains"}
  [4;36;1mDomain Columns (2.0ms)[0m   [0;1mSHOW FIELDS FROM `domains`[0m
Rendering template within layouts/domains
Rendering domains/new
Completed in 48ms (View: 40, DB: 2) | 200 OK [http://retina.net/domains/new]
  [4;35;1mSQL (0.1ms)[0m   [0mSET SQL_AUTO_IS_NULL=0[0m


Processing DomainsController#index (for 192.168.2.101 at 2010-12-16 03:27:51) [GET]
  Parameters: {"action"=>"index", "controller"=>"domains"}
  [4;36;1mDomain Load (0.6ms)[0m   [0;1mselect * from domains where id in (select max(id) from domains group by name)[0m
Rendering template within layouts/domains
Rendering domains/index
  [4;35;1mDomain Columns (1.8ms)[0m   [0mSHOW FIELDS FROM `domains`[0m
Completed in 99ms (View: 92, DB: 3) | 200 OK [http://retina.net/domains]
  [4;36;1mSQL (0.1ms)[0m   [0;1mSET SQL_AUTO_IS_NULL=0[0m


Processing UserSessionsController#new (for 192.168.2.101 at 2010-12-16 03:28:25) [GET]
  Parameters: {"action"=>"new", "controller"=>"user_sessions"}
  [4;35;1mUser Columns (11.0ms)[0m   [0mSHOW FIELDS FROM `users`[0m
Rendering user_sessions/new
Completed in 27ms (View: 4, DB: 11) | 200 OK [http://retina.net/]
  [4;36;1mSQL (0.1ms)[0m   [0;1mSET SQL_AUTO_IS_NULL=0[0m


Processing UserSessionsController#create (for 192.168.2.101 at 2010-12-16 03:28:26) [POST]
  Parameters: {"commit"=>"Login", "user_session"=>{"remember_me"=>"0", "password"=>"[FILTERED]", "login"=>""}, "action"=>"create", "controller"=>"user_sessions"}
  [4;35;1mUser Columns (11.1ms)[0m   [0mSHOW FIELDS FROM `users`[0m
Rendering user_sessions/new
Completed in 30ms (View: 5, DB: 11) | 200 OK [http://retina.net/user_session]
  [4;36;1mSQL (0.1ms)[0m   [0;1mSET SQL_AUTO_IS_NULL=0[0m


Processing UserSessionsController#create (for 192.168.2.101 at 2010-12-16 03:28:31) [POST]
  Parameters: {"commit"=>"Login", "user_session"=>{"remember_me"=>"0", "password"=>"[FILTERED]", "login"=>"ddd"}, "action"=>"create", "controller"=>"user_sessions"}
  [4;35;1mUser Columns (11.1ms)[0m   [0mSHOW FIELDS FROM `users`[0m
  [4;36;1mUser Load (0.5ms)[0m   [0;1mSELECT * FROM `users` WHERE (LOWER(`users`.login) = 'ddd') LIMIT 1[0m
Rendering user_sessions/new
Completed in 202ms (View: 5, DB: 12) | 200 OK [http://retina.net/user_session]
  [4;35;1mSQL (0.2ms)[0m   [0mSET SQL_AUTO_IS_NULL=0[0m


Processing ApplicationController#index (for 192.168.2.101 at 2010-12-16 03:28:49) [GET]

ActionController::RoutingError (No route matches "/userz" with {:method=>:get}):
  

Rendering rescues/layout (not_found)
  [4;36;1mSQL (0.1ms)[0m   [0;1mSET SQL_AUTO_IS_NULL=0[0m


Processing UsersController#index (for 192.168.2.101 at 2010-12-16 03:28:52) [GET]
  Parameters: {"action"=>"index", "controller"=>"users"}

ActionController::UnknownAction (No action responded to index. Actions: create, edit, new, show, and update):
  

Rendering rescues/layout (not_found)
  [4;35;1mSQL (0.1ms)[0m   [0mSET SQL_AUTO_IS_NULL=0[0m


Processing UsersController#new (for 192.168.2.101 at 2010-12-16 03:28:56) [GET]
  Parameters: {"action"=>"new", "controller"=>"users"}
  [4;36;1mUser Columns (11.2ms)[0m   [0;1mSHOW FIELDS FROM `users`[0m
Rendering users/new

ActionView::TemplateError (undefined local variable or method `account_path' for #<ActionView::Base:0x1043c2648>) on line #3 of app/views/users/new.html.erb:
1: <h1>Register</h1>
2: 
3: <% form_for @user, :url => account_path do |f| %>
4:   <%= f.error_messages %>
5:   <%= render :partial => "form", :object => f %>
6:   <%= f.submit "Register" %>

    app/views/users/new.html.erb:3

Rendered rescues/_trace (46.3ms)
Rendered rescues/_request_and_response (0.4ms)
Rendering rescues/layout (internal_server_error)
  [4;35;1mSQL (0.1ms)[0m   [0mSET SQL_AUTO_IS_NULL=0[0m


Processing DomainsController#index (for 208.90.214.239 at 2010-12-16 10:27:38) [GET]
  Parameters: {"action"=>"index", "controller"=>"domains"}
  [4;36;1mDomain Load (0.7ms)[0m   [0;1mselect * from domains where id in (select max(id) from domains group by name)[0m
Rendering template within layouts/domains
Rendering domains/index
  [4;35;1mDomain Columns (10.8ms)[0m   [0mSHOW FIELDS FROM `domains`[0m
Completed in 26ms (View: 10, DB: 12) | 200 OK [http://www.retina.net/domains]
  [4;36;1mSQL (0.2ms)[0m   [0;1mSET SQL_AUTO_IS_NULL=0[0m


Processing UserSessionsController#new (for 174.46.233.130 at 2010-12-16 12:04:09) [GET]
  Parameters: {"action"=>"new", "controller"=>"user_sessions"}
  [4;35;1mUser Columns (11.2ms)[0m   [0mSHOW FIELDS FROM `users`[0m
Rendering user_sessions/new
Completed in 29ms (View: 5, DB: 11) | 200 OK [http://retina.net/]
  [4;36;1mSQL (0.2ms)[0m   [0;1mSET SQL_AUTO_IS_NULL=0[0m


Processing DomainsController#index (for 208.90.214.239 at 2010-12-16 12:05:41) [GET]
  Parameters: {"action"=>"index", "controller"=>"domains"}
  [4;35;1mDomain Load (0.6ms)[0m   [0mselect * from domains where id in (select max(id) from domains group by name)[0m
Rendering template within layouts/domains
Rendering domains/index
  [4;36;1mDomain Columns (10.9ms)[0m   [0;1mSHOW FIELDS FROM `domains`[0m
Completed in 25ms (View: 9, DB: 12) | 200 OK [http://www.retina.net/domains]
  [4;35;1mSQL (0.1ms)[0m   [0mSET SQL_AUTO_IS_NULL=0[0m


Processing DomainsController#new (for 208.90.214.239 at 2010-12-16 12:05:47) [GET]
  Parameters: {"action"=>"new", "controller"=>"domains"}
  [4;36;1mDomain Columns (11.1ms)[0m   [0;1mSHOW FIELDS FROM `domains`[0m
Rendering template within layouts/domains
Rendering domains/new
Completed in 114ms (View: 98, DB: 11) | 200 OK [http://www.retina.net/domains/new]
  [4;35;1mSQL (0.2ms)[0m   [0mSET SQL_AUTO_IS_NULL=0[0m


Processing DomainsController#create (for 208.90.214.239 at 2010-12-16 12:06:05) [POST]
  Parameters: {"commit"=>"Create", "action"=>"create", "domain"=>{"name"=>"www.eff.org", "mixed_content"=>"0", "ssl_valid"=>"1", "all_identifying"=>"0", "notes"=>"", "key_strength"=>"", "all_https"=>"1", "uses_https"=>"1", "secure_cookies"=>"0", "uses_hsts"=>"1"}, "controller"=>"domains"}
  [4;36;1mDomain Columns (11.5ms)[0m   [0;1mSHOW FIELDS FROM `domains`[0m
  [4;35;1mSQL (0.1ms)[0m   [0mBEGIN[0m
  [4;36;1mDomain Create (0.3ms)[0m   [0;1mINSERT INTO `domains` (`name`, `mixed_content`, `created_at`, `all_identifying`, `ssl_valid`, `key_strength`, `notes`, `updated_at`, `uses_https`, `all_https`, `uses_hsts`, `secure_cookies`) VALUES('www.eff.org', 0, '2010-12-16 20:06:05', 0, 1, '', '', '2010-12-16 20:06:05', 1, 1, 1, 0)[0m
  [4;35;1mSQL (0.5ms)[0m   [0mCOMMIT[0m
Redirected to http://www.retina.net:3000/domains/4
Completed in 23ms (DB: 13) | 302 Found [http://www.retina.net/domains]
  [4;36;1mSQL (0.1ms)[0m   [0;1mSET SQL_AUTO_IS_NULL=0[0m


Processing DomainsController#show (for 208.90.214.239 at 2010-12-16 12:06:05) [GET]
  Parameters: {"action"=>"show", "id"=>"4", "controller"=>"domains"}
  [4;35;1mDomain Columns (1.9ms)[0m   [0mSHOW FIELDS FROM `domains`[0m
  [4;36;1mDomain Load (0.3ms)[0m   [0;1mSELECT * FROM `domains` WHERE (`domains`.`id./script/../config/../vendor/rails/railties/lib/rails/gem_dependency.rb:119:Warning: Gem::Dependency#version_requirements is deprecated and will be removed on or after August 2010.  Use #requirement
=> Booting Mongrel
=> Rails 2.3.5 application starting on http://0.0.0.0:3000
=> Call with -d to detach
=> Ctrl-C to shutdown server
Exiting
./script/../config/../vendor/rails/railties/lib/rails/gem_dependency.rb:119:Warning: Gem::Dependency#version_requirements is deprecated and will be removed on or after August 2010.  Use #requirement
=> Booting Mongrel
=> Rails 2.3.5 application starting on http://0.0.0.0:3000
=> Call with -d to detach
=> Ctrl-C to shutdown server
  [4;36;1mSQL (0.2ms)[0m   [0;1mSET SQL_AUTO_IS_NULL=0[0m


Processing DomainsController#index (for 192.168.2.101 at 2010-12-17 11:11:38) [GET]
  Parameters: {"action"=>"index", "controller"=>"domains"}
  [4;35;1mDomain Load (0.8ms)[0m   [0mselect * from domains where id in (select max(id) from domains group by name)[0m
Rendering template within layouts/domains
Rendering domains/index
  [4;36;1mDomain Columns (11.0ms)[0m   [0;1mSHOW FIELDS FROM `domains`[0m
Completed in 105ms (View: 36, DB: 12) | 200 OK [http://retina.net/domains]
  [4;35;1mSQL (0.1ms)[0m   [0mSET SQL_AUTO_IS_NULL=0[0m


Processing DomainsController#new (for 192.168.2.101 at 2010-12-17 11:11:42) [GET]
  Parameters: {"action"=>"new", "controller"=>"domains"}
  [4;36;1mDomain Columns (11.1ms)[0m   [0;1mSHOW FIELDS FROM `domains`[0m
Rendering template within layouts/domains
Rendering domains/new
Completed in 31ms (View: 14, DB: 11) | 200 OK [http://retina.net/domains/new]
  [4;35;1mSQL (0.1ms)[0m   [0mSET SQL_AUTO_IS_NULL=0[0m


Processing DomainsController#index (for 192.168.2.101 at 2010-12-17 11:16:09) [GET]
  Parameters: {"action"=>"index", "controller"=>"domains"}
  [4;36;1mDomain Load (0.7ms)[0m   [0;1mselect * from domains where id in (select max(id) from domains group by name)[0m
Rendering template within layouts/domains
Rendering domains/index
  [4;35;1mDomain Columns (11.0ms)[0m   [0mSHOW FIELDS FROM `domains`[0m

ActionView::TemplateError (undefined local variable or method `change_domain_path' for #<ActionView::Base:0x101ef4c08>) on line #30 of app/views/domains/index.html.erb:
27:     <td><%=h domain.key_strength %></td>
28:     <td><%=h domain.notes %></td>
29:     <td><%= link_to 'Show', domain %></td>
30:     <td><%= link_to 'Modify', change_domain_path %></tf>
31: <!--    <td><%= link_to 'Edit', edit_domain_path(domain) %></td> -->
32:     <td><%= link_to 'Destroy', domain, :confirm => 'Are you sure?', :method => :delete %></td>
33:   </tr>

    app/views/domains/index.html.erb:30
    app/views/domains/index.html.erb:17:in `each'
    app/views/domains/index.html.erb:17
    app/controllers/domains_controller.rb:7:in `index'

Rendered rescues/_trace (119.3ms)
Rendered rescues/_request_and_response (1.4ms)
Rendering rescues/layout (internal_server_error)
  [4;36;1mSQL (0.1ms)[0m   [0;1mSET SQL_AUTO_IS_NULL=0[0m


Processing DomainsController#index (for 192.168.2.101 at 2010-12-17 11:16:25) [GET]
  Parameters: {"action"=>"index", "controller"=>"domains"}
  [4;35;1mDomain Load (0.6ms)[0m   [0mselect * from domains where id in (select max(id) from domains group by name)[0m
Rendering template within layouts/domains
Rendering domains/index
  [4;36;1mDomain Columns (11.4ms)[0m   [0;1mSHOW FIELDS FROM `domains`[0m

ActionView::TemplateError (undefined method `change_domain_path' for #<ActionView::Base:0x102170748>) on line #30 of app/views/domains/index.html.erb:
27:     <td><%=h domain.key_strength %></td>
28:     <td><%=h domain.notes %></td>
29:     <td><%= link_to 'Show', domain %></td>
30:     <td><%= link_to 'Modify', change_domain_path() %></tf>
31: <!--    <td><%= link_to 'Edit', edit_domain_path(domain) %></td> -->
32:     <td><%= link_to 'Destroy', domain, :confirm => 'Are you sure?', :method => :delete %></td>
33:   </tr>

    app/views/domains/index.html.erb:30
    app/views/domains/index.html.erb:17:in `each'
    app/views/domains/index.html.erb:17
    app/controllers/domains_controller.rb:7:in `index'

Rendered rescues/_trace (48.7ms)
Rendered rescues/_request_and_response (0.3ms)
Rendering rescues/layout (internal_server_error)
  [4;35;1mSQL (0.1ms)[0m   [0mSET SQL_AUTO_IS_NULL=0[0m


Processing DomainsController#index (for 192.168.2.101 at 2010-12-17 11:16:47) [GET]
  Parameters: {"action"=>"index", "controller"=>"domains"}
  [4;36;1mDomain Load (0.6ms)[0m   [0;1mselect * from domains where id in (select max(id) from domains group by name)[0m
Rendering /Users/jna/src/gothttps/app/views/domains/index.html.erb:30: warning: Object#id will be deprecated; use Object#object_id
/Users/jna/src/gothttps/app/views/domains/index.html.erb:30: warning: Object#id will be deprecated; use Object#object_id
/Users/jna/src/gothttps/app/views/domains/index.html.erb:30: warning: Object#id will be deprecated; use Object#object_id
/Users/jna/src/gothttps/app/views/domains/index.html.erb:30: warning: Object#id will be deprecated; use Object#object_id
/Users/jna/src/gothttps/app/views/domains/index.html.erb:30: warning: Object#id will be deprecated; use Object#object_id
/Users/jna/src/gothttps/app/views/domains/index.html.erb:30: warning: Object#id will be deprecated; use Object#object_id
template within layouts/domains
Rendering domains/index
  [4;35;1mDomain Columns (11.0ms)[0m   [0mSHOW FIELDS FROM `domains`[0m

ActionView::TemplateError (undefined local variable or method `domains' for #<ActionView::Base:0x10057d680>) on line #30 of app/views/domains/index.html.erb:
27:     <td><%=h domain.key_strength %></td>
28:     <td><%=h domain.notes %></td>
29:     <td><%= link_to 'Show', domain %></td>
30:     <td><%= link_to 'Modify', :controller => domains, :id => id %></tf>
31: <!--    <td><%= link_to 'Edit', edit_domain_path(domain) %></td> -->
32:     <td><%= link_to 'Destroy', domain, :confirm => 'Are you sure?', :method => :delete %></td>
33:   </tr>

    app/views/domains/index.html.erb:30
    app/views/domains/index.html.erb:17:in `each'
    app/views/domains/index.html.erb:17
    app/controllers/domains_controller.rb:7:in `index'

Rendered rescues/_trace (48.7ms)
Rendered rescues/_request_and_response (0.4ms)
Rendering rescues/layout (internal_server_error)
  [4;36;1mSQL (0.1ms)[0m   [0;1mSET SQL_AUTO_IS_NULL=0[0m


Processing DomainsController#index (for 192.168.2.101 at 2010-12-17 11:17:02) [GET]
  Parameters: {"action"=>"index", "controller"=>"domains"}
  [4;35;1mDomain Load (0.7ms)[0m   [0mselect * from domains where id in (select max(id) from domains group by name)[0m
Rendering template within layouts/domains
Rendering domains/index
  [4;36;1mDomain Columns (10.9ms)[0m   [0;1mSHOW FIELDS FROM `domains`[0m

ActionView::TemplateError (undefined local variable or method `domains' for #<ActionView::Base:0x101d34878>) on line #30 of app/views/domains/index.html.erb:
27:     <td><%=h domain.key_strength %></td>
28:     <td><%=h domain.notes %></td>
29:     <td><%= link_to 'Show', domain %></td>
30:     <td><%= link_to 'Modify', :controller => domains, :id => id, :method => :change %></tf>
31: <!--    <td><%= link_to 'Edit', edit_domain_path(domain) %></td> -->
32:     <td><%= link_to 'Destroy', domain, :confirm => 'Are you sure?', :method => :delete %></td>
33:   </tr>

    app/views/domains/index.html.erb:30
    app/views/domains/index.html.erb:17:in `each'
    app/views/domains/index.html.erb:17
    app/controllers/domains_controller.rb:7:in `index'

Rendered rescues/_trace (115.2ms)
Rendered rescues/_request_and_response (0.3ms)
Rendering rescues/layout (internal_server_error)
  [4;35;1mSQL (0.2ms)[0m   [0mSET SQL_AUTO_IS_NULL=0[0m


Processing DomainsController#index (for 192.168.2.101 at 2010-12-17 11:17:09) [GET]
  Parameters: {"action"=>"index", "controller"=>"domains"}
  [4;36;1mDomain Load (0.7ms)[0m   [0;1mselect * from domains where id in (select max(id) from domains group by name)[0m
Rendering template within layouts/domains
Rendering domains/index
  [4;35;1mDomain Columns (10.9ms)[0m   [0mSHOW FIELDS FROM `domains`[0m
Completed in 34ms (View: 18, DB: 12) | 200 OK [http://retina.net/domains]
  [4;36;1mSQL (0.1ms)[0m   [0;1mSET SQL_AUTO_IS_NULL=0[0m


Processing DomainsController#new (for 192.168.2.101 at 2010-12-17 11:17:12) [GET]
  Parameters: {"action"=>"new", "controller"=>"domains"}
  [4;35;1mDomain Columns (11.1ms)[0m   [0mSHOW FIELDS FROM `domains`[0m
Rendering template within layouts/domains
Rendering domains/new
Completed in 30ms (View: 13, DB: 11) | 200 OK [http://retina.net/domains/new]
  [4;36;1mSQL (0.1ms)[0m   [0;1mSET SQL_AUTO_IS_NULL=0[0m


Processing ApplicationController#index (for 192.168.2.101 at 2010-12-17 11:17:16) [GET]
  Parameters: {"method"=>"change"}

ActionController::RoutingError (No route matches "/domain/index/2164015280" with {:method=>:get}):
  

Rendering rescues/layout (not_found)
  [4;35;1mSQL (0.2ms)[0m   [0mSET SQL_AUTO_IS_NULL=0[0m


Processing DomainsController#index (for 192.168.2.101 at 2010-12-17 11:17:32) [GET]
  Parameters: {"action"=>"index", "controller"=>"domains"}
  [4;36;1mDomain Load (0.7ms)[0m   [0;1mselect * from domains where id in (select max(id) from domains group by name)[0m
Rendering template within layouts/domains
Rendering domains/index
  [4;35;1mDomain Columns (11.4ms)[0m   [0mSHO/Users/jna/src/gothttps/app/views/domains/index.html.erb:30: warning: Object#id will be deprecated; use Object#object_id
/Users/jna/src/gothttps/app/views/domains/index.html.erb:30: warning: Object#id will be deprecated; use Object#object_id
/Users/jna/src/gothttps/app/views/domains/index.html.erb:30: warning: Object#id will be deprecated; use Object#object_id
/Users/jna/src/gothttps/app/views/domains/index.html.erb:30: warning: Object#id will be deprecated; use Object#object_id
/Users/jna/src/gothttps/app/views/domains/index.html.erb:30: warning: Object#id will be deprecated; use Object#object_id
/Users/jna/src/gothttps/app/views/domains/index.html.erb:30: warning: Object#id will be deprecated; use Object#object_id
/Users/jna/src/gothttps/app/views/domains/index.html.erb:30: warning: Object#id will be deprecated; use Object#object_id
/Users/jna/src/gothttps/app/views/domains/index.html.erb:30: warning: Object#id will be deprecated; use Object#object_id
/Users/jna/src/gothttps/app/views/domains/index.html.erb:30: warning: Object#id will be deprecated; use Object#object_id
/Users/jna/src/gothttps/app/views/domains/index.html.erb:30: warning: Object#id will be deprecated; use Object#object_id
/Users/jna/src/gothttps/app/views/domains/index.html.erb:30: warning: Object#id will be deprecated; use Object#object_id
/Users/jna/src/gothttps/app/views/domains/index.html.erb:30: warning: Object#id will be deprecated; use Object#object_id
/Users/jna/src/gothttps/app/views/domains/index.html.erb:30: warning: Object#id will be deprecated; use Object#object_id
W FIELDS FROM `domains`[0m
Completed in 104ms (View: 86, DB: 12) | 200 OK [http://retina.net/domains]
  [4;36;1mSQL (0.1ms)[0m   [0;1mSET SQL_AUTO_IS_NULL=0[0m


Processing DomainsController#index (for 192.168.2.101 at 2010-12-17 11:18:59) [GET]
  Parameters: {"action"=>"index", "controller"=>"domains"}
  [4;35;1mDomain Load (0.6ms)[0m   [0mselect * from domains where id in (select max(id) from domains group by name)[0m
Rendering template within layouts/domains
Rendering domains/index
  [4;36;1mDomain Columns (11.2ms)[0m   [0;1mSHOW FIELDS FROM `domains`[0m
Completed in 33ms (View: 17, DB: 12) | 200 OK [http://retina.net/domains]
  [4;35;1mSQL (0.1ms)[0m   [0mSET SQL_AUTO_IS_NULL=0[0m


Processing DomainsController#new (for 192.168.2.101 at 2010-12-17 11:19:00) [GET]
  Parameters: {"action"=>"new", "controller"=>"domains"}
  [4;36;1mDomain Columns (11.0ms)[0m   [0;1mSHOW FIELDS FROM `domains`[0m
Rendering template within layouts/domains
Rendering domains/new
Completed in 25ms (View: 9, DB: 11) | 200 OK [http://retina.net/domains/new]
  [4;35;1mSQL (0.2ms)[0m   [0mSET SQL_AUTO_IS_NULL=0[0m


Processing DomainsController#create (for 192.168.2.101 at 2010-12-17 11:19:02) [POST]
  Parameters: {"commit"=>"Create", "action"=>"create", "domain"=>{"name"=>"", "mixed_content"=>"0", "ssl_valid"=>"0", "all_identifying"=>"0", "notes"=>"", "key_strength"=>"", "all_https"=>"0", "uses_https"=>"0", "secure_cookies"=>"0", "uses_hsts"=>"0"}, "controller"=>"domains"}
  [4;36;1mDomain Columns (11.0ms)[0m   [0;1mSHOW FIELDS FROM `domains`[0m
  [4;35;1mSQL (0.2ms)[0m   [0mBEGIN[0m
  [4;36;1mDomain Create (0.4ms)[0m   [0;1mINSERT INTO `domains` (`name`, `mixed_content`, `created_at`, `all_identifying`, `ssl_valid`, `key_strength`, `notes`, `updated_at`, `uses_https`, `all_https`, `uses_hsts`, `secure_cookies`) VALUES('', 0, '2010-12-17 19:19:02', 0, 0, '', '', '2010-12-17 19:19:02', 0, 0, 0, 0)[0m
  [4;35;1mSQL (0.5ms)[0m   [0mCOMMIT[0m
Redirected to http://retina.net:3000/domains/5
Completed in 22ms (DB: 12) | 302 Found [http://retina.net/domains]
  [4;36;1mSQL (0.1ms)[0m   [0;1mSET SQL_AUTO_IS_NULL=0[0m


Processing DomainsController#show (for 192.168.2.101 at 2010-12-17 11:19:02) [GET]
  Parameters: {"action"=>"show", "id"=>"5", "controller"=>"domains"}
  [4;35;1mDomain Columns (2.0ms)[0m   [0mSHOW FIELDS FROM `domains`[0m
  [4;36;1mDomain Load (0.3ms)[0m   [0;1mSELECT * FROM `domains` WHERE (`domains`.`id` = 5) [0m
Rendering template within layouts/domains
Rendering domains/show
Completed in 43ms (View: 35, DB: 2) | 200 OK [http://retina.net/domains/5]
  [4;35;1mSQL (0.1ms)[0m   [0mSET SQL_AUTO_IS_NULL=0[0m


Processing DomainsController#index (for 192.168.2.101 at 2010-12-17 11:19:04) [GET]
  Parameters: {"action"=>"index", "controller"=>"domains"}
  [4;36;1mDomain Load (0.6ms)[0m   [0;1mselect * from domains where id in (select max(id) from domains group by name)[0m
Rendering template within layouts/domains
Rendering domains/index
  [4;35;1mDomain Columns (11.3ms)[0m   [0mSHOW FIELDS FROM `domains`[0m
Completed in 38ms (View: 21, DB: 12) | 200 OK [http://retina.net/domains]
  [4;36;1mSQL (0.2ms)[0m   [0;1mSET SQL_AUTO_IS_NULL=0[0m


Processing DomainsController#destroy (for 192.168.2.101 at 2010-12-17 11:19:09) [DELETE]
  Parameters: {"action"=>"destroy", "_method"=>"delete", "id"=>"5", "controller"=>"domains"}
  [4;35;1mDomain Columns (11.0ms)[0m   [0mSHOW FIELDS FROM `domains`[0m
  [4;36;1mDomain Load (0.9ms)[0m   [0;1mSELECT * FROM `domains` WHERE (`domains`.`id` = 5) [0m
  [4;35;1mSQL (0.1ms)[0m   [0mBEGIN[0m
  [4;36;1mDomain Destroy (0.3ms)[0m   [0;1mDELETE FROM `domains` WHERE `id` = 5[0m
  [4;35;1mSQL (0.5ms)[0m   [0mCOMMIT[0m
Redirected to http://retina.net:3000/domains
Completed in 81ms (DB: 13) | 302 Found [http://retina.net/domains/5]
  [4;36;1mSQL (0.1ms)[0m   [0;1mSET SQL_AUTO_IS_NULL=0[0m


Processing DomainsController#index (for 192.168.2.101 at 2010-12-17 11:19:09) [GET]
  Parameters: {"action"=>"index", "controller"=>"domains"}
 /Users/jna/src/gothttps/app/views/domains/index.html.erb:30: warning: Object#id will be deprecated; use Object#object_id
/Users/jna/src/gothttps/app/views/domains/index.html.erb:30: warning: Object#id will be deprecated; use Object#object_id
/Users/jna/src/gothttps/app/views/domains/index.html.erb:30: warning: Object#id will be deprecated; use Object#object_id
/Users/jna/src/gothttps/app/views/domains/index.html.erb:30: warning: Object#id will be deprecated; use Object#object_id
/Users/jna/src/gothttps/app/views/domains/index.html.erb:30: warning: Object#id will be deprecated; use Object#object_id
/Users/jna/src/gothttps/app/views/domains/index.html.erb:30: warning: Object#id will be deprecated; use Object#object_id
/Users/jna/src/gothttps/app/views/domains/index.html.erb:30: warning: Object#id will be deprecated; use Object#object_id
/Users/jna/src/gothttps/app/views/domains/index.html.erb:30: warning: Object#id will be deprecated; use Object#object_id
/Users/jna/src/gothttps/app/views/domains/index.html.erb:30: warning: Object#id will be deprecated; use Object#object_id
 [4;35;1mDomain Load (0.7ms)[0m   [0mselect * from domains where id in (select max(id) from domains group by name)[0m
Rendering template within layouts/domains
Rendering domains/index
  [4;36;1mDomain Columns (1.8ms)[0m   [0;1mSHOW FIELDS FROM `domains`[0m
Completed in 24ms (View: 17, DB: 3) | 200 OK [http://retina.net/domains]
  [4;35;1mSQL (0.1ms)[0m   [0mSET SQL_AUTO_IS_NULL=0[0m


Processing DomainsController#index (for 166.205.138.139 at 2010-12-17 15:11:42) [GET]
  Parameters: {"action"=>"index", "controller"=>"domains"}
  [4;36;1mDomain Load (0.6ms)[0m   [0;1mselect * from domains where id in (select max(id) from domains group by name)[0m
Rendering template within layouts/domains
Rendering domains/index
  [4;35;1mDomain Columns (11.0ms)[0m   [0mSHOW FIELDS FROM `domains`[0m
Completed in 33ms (View: 17, DB: 12) | 200 OK [http://www.retina.net/domains]
  [4;36;1mSQL (0.1ms)[0m   [0;1mSET SQL_AUTO_IS_NULL=0[0m


Processing UserSessionsController#new (for 174.46.233.130 at 2010-12-17 15:13:44) [GET]
  Parameters: {"action"=>"new", "controller"=>"user_sessions"}
  [4;35;1mUser Columns (11.6ms)[0m   [0mSHOW FIELDS FROM `users`[0m
Rendering user_sessions/new
Completed in 33ms (View: 9, DB: 12) | 200 OK [http://retina.net/]
  [4;36;1mSQL (0.2ms)[0m   [0;1mSET SQL_AUTO_IS_NULL=0[0m


Processing UserSessionsController#new (for 174.46.233.130 at 2010-12-17 16:14:48) [GET]
  Parameters: {"action"=>"new", "controller"=>"user_sessions"}
  [4;35;1mUser Columns (11.2ms)[0m   [0mSHOW FIELDS FROM `users`[0m
Rendering user_sessions/new
Completed in 28ms (View: 4, DB: 11) | 200 OK [http://retina.net/]
  [4;36;1mSQL (0.1ms)[0m   [0;1mSET SQL_AUTO_IS_NULL=0[0m


Processing DomainsController#index (for 174.46.233.130 at 2010-12-17 17:06:11) [GET]
  Parameters: {"action"=>"index", "controller"=>"domains"}
  [4;35;1mDomain Load (0.7ms)[0m   [0mselect * from domains where id in (select max(id) from domains group by name)[0m
Rendering template within layouts/domains
Rendering domains/index
  [4;36;1mDomain Columns (11.0ms)[0m   [0;1mSHOW FIELDS FROM `domains`[0m
Completed in 96ms (View: 80, DB: 12) | 200 OK [http://retina.net/domains]
  [4;35;1mSQL (0.2ms)[0m   [0mSET SQL_AUTO_IS_NULL=0[0m


Processing DomainsController#3 (for 174.46.233.130 at 2010-12-17 17:06:18) [POST]
  Parameters: {"action"=>"3", "_method"=>"change", "controller"=>"domains"}

ActionController::UnknownAction (No action responded to 3. Actions: change, create, destroy, edit, index, new, show, and update):
  

Rendering rescues/layout (not_found)
  [4;36;1mSQL (0.2ms)[0m   [0;1mSET SQL_AUTO_IS_NULL=0[0m


Processing DomainsController#index (for 76.169.196.76 at 2010-12-17 18:36:54) [GET]
  Parameters: {"action"=>"index", "controller"=>"domains"}
  [4;35;1mDomain Load (0.6ms)[0m   [0mselect * from domains where id in (select max(id) from domains group by name)[0m
Rendering template within layouts/domains
Rendering domains/index
  [4;36;1mDomain Columns (10.8ms)[0m   [0;1mSHOW FIELDS FROM `domains`[0m
Completed in 33ms (View: 17, DB: 12) | 200 OK [http://www.retina.net/domains]
  [4;35;1mSQL (0.2ms)[0m   [0mSET SQL_AUTO_IS_NULL=0[0m


Processing DomainsController#new (for 76.169.196.76 at 2010-12-17 18:37:03) [GET]
  Parameters: {"action"=>"new", "controller"=>"domains"}
  [4;36;1mDomain Columns (11.0ms)[0m   [0;1mSHOW FIELDS FROM `domains`[0m
Rendering template within layouts/domains
Rendering domains/new
Completed in 25ms (View: 9, DB: 11) | 200 OK [http://www.retina.net/domains/new]
  [4;35;1mSQL (0.1ms)[0m   [0mSET SQL_AUTO_IS_NULL=0[0m


Processing DomainsController#2 (for 76.169.196.76 at 2010-12-17 18:37:18) [POST]
  Parameters: {"action"=>"2", "_method"=>"change", "controller"=>"domains"}

ActionController::UnknownAction (No action responded to 2. Actions: change, create, destroy, edit, index, new, show, and update):
  

Rendering rescues/layout (not_found)
  [4;36;1mSQL (0.2ms)[0m   [0;1mSET SQL_AUTO_IS_NULL=0[0m


Processing DomainsController#index (for 212.13.230.72 at 2010-12-18 15:1/Users/jna/src/gothttps/app/views/domains/index.html.erb:30: warning: Object#id will be deprecated; use Object#object_id
/Users/jna/src/gothttps/app/views/domains/index.html.erb:30: warning: Object#id will be deprecated; use Object#object_id
/Users/jna/src/gothttps/app/views/domains/index.html.erb:30: warning: Object#id will be deprecated; use Object#object_id
/Users/jna/src/gothttps/app/views/domains/index.html.erb:30: warning: Object#id will be deprecated; use Object#object_id
/Users/jna/src/gothttps/app/views/domains/index.html.erb:30: warning: Object#id will be deprecated; use Object#object_id
/Users/jna/src/gothttps/app/views/domains/index.html.erb:30: warning: Object#id will be deprecated; use Object#object_id
8:00) [GET]
  Parameters: {"action"=>"index", "controller"=>"domains"}
  [4;35;1mDomain Load (0.7ms)[0m   [0mselect * from domains where id in (select max(id) from domains group by name)[0m
Rendering template within layouts/domains
Rendering domains/index
  [4;36;1mDomain Columns (1.8ms)[0m   [0;1mSHOW FIELDS FROM `domains`[0m
Completed in 214ms (View: 59, DB: 3) | 200 OK [http://www.retina.net/domains]
  [4;35;1mSQL (0.2ms)[0m   [0mSET SQL_AUTO_IS_NULL=0[0m


Processing DomainsController#2 (for 212.13.230.72 at 2010-12-18 15:18:07) [POST]
  Parameters: {"action"=>"2", "_method"=>"change", "controller"=>"domains"}

ActionController::UnknownAction (No action responded to 2. Actions: change, create, destroy, edit, index, new, show, and update):
  

Rendering rescues/layout (not_found)
  [4;36;1mSQL (0.2ms)[0m   [0;1mSET SQL_AUTO_IS_NULL=0[0m


Processing DomainsController#index (for 212.13.230.72 at 2010-12-18 15:18:15) [GET]
  Parameters: {"action"=>"index", "controller"=>"domains"}
  [4;35;1mDomain Load (0.6ms)[0m   [0mselect * from domains where id in (select max(id) from domains group by name)[0m
Rendering template within layouts/domains
Rendering domains/index
  [4;36;1mDomain Columns (10.9ms)[0m   [0;1mSHOW FIELDS FROM `domains`[0m
Completed in 33ms (View: 17, DB: 12) | 200 OK [http://www.retina.net/domains]
  [4;35;1mSQL (0.2ms)[0m   [0mSET SQL_AUTO_IS_NULL=0[0m


Processing DomainsController#show (for 212.13.230.72 at 2010-12-18 15:18:22) [GET]
  Parameters: {"action"=>"show", "id"=>"2", "controller"=>"domains"}
  [4;36;1mDomain Columns (10.9ms)[0m   [0;1mSHOW FIELDS FROM `domains`[0m
  [4;35;1mDomain Load (0.3ms)[0m   [0mSELECT * FROM `domains` WHERE (`domains`.`id` = 2) [0m
Rendering template within layouts/domains
Rendering domains/show
Completed in 21ms (View: 4, DB: 11) | 200 OK [http://www.retina.net/domains/2]
  [4;36;1mSQL (0.1ms)[0m   [0;1mSET SQL_AUTO_IS_NULL=0[0m


Processing DomainsController#index (for 212.13.230.72 at 2010-12-18 15:18:24) [GET]
  Parameters: {"action"=>"index", "controller"=>"domains"}
  [4;35;1mDomain Load (0.7ms)[0m   [0mselect * from domains where id in (select max(id) from domains group by name)[0m
Rendering template within layouts/domains
Rendering domains/index
  [4;36;1mDomain Columns (10.8ms)[0m   [0;1mSHOW FIELDS FROM `domains`[0m
Completed in 33ms (View: 17, DB: 12) | 200 OK [http://www.retina.net/domains]
  [4;35;1mSQL (0.1ms)[0m   [0mSET SQL_AUTO_IS_NULL=0[0m


Processing DomainsController#4 (for 212.13.230.72 at 2010-12-18 15:18:30) [POST]
  Parameters: {"action"=>"4", "_method"=>"change", "controller"=>"domains"}

ActionController::UnknownAction (No action responded to 4. Actions: change, create, destroy, edit, index, new, show, and update):
  

Rendering rescues/layout (not_found)
  [4;36;1mSQL (0.2ms)[0m   [0;1mSET SQL_AUTO_IS_NULL=0[0m


Processing UserSessionsController#new (for 192.168.2.101 at 2010-12-18 16:47:17) [GET]
  Parameters: {"action"=>"new", "controller"=>"user_sessions"}
  [4;35;1mUser Columns (77.7ms)[0m   [0mSHOW FIELDS FROM `users`[0m
Rendering user_sessions/new
Completed in 267ms (View: 46, DB: 78) | 200 OK [http://retina.net/]
  [4;36;1mSQL (0.1ms)[0m   [0;1mSET SQL_AUTO_IS_NULL=0[0m


Processing UserSessionsController#new (for 192.168.2.101 at 2010-12-18 17:48:53) [GET]
  Parameters: {"action"=>"new", "controller"=>"user_sessions"}
  [4;35;1mUser Columns (2.0ms)[0m   [0mSHOW FIELDS FROM `users`[0m
Rendering user_sessions/new
Completed in 105ms (View: 66, DB: 2) | 200 OK [http://retina.net/]
  [4;36;1mSQL (0.3ms)[0m   [0;1mSET SQL_AUTO_IS_NULL=0[0m


Processing UserSessionsController#new (for 192.168.2.101 at 2010-12-19 14:34:38) [GET]
  Parameters: {"action"=>"new", "controller"=>"user_sessions"}
  [4;35;1mUser Columns (66.4ms)[0m   [0mSHOW FIELDS FROM `users`[0m
Rendering user_sessions/new
Completed in 456ms (View: 34, DB: 67) | 200 OK [http://retina.net/]
  [4;36;1mSQL (0.2ms)[0m   [0;1mSET SQL_AUTO_IS_NULL=0[0m


Processing UserSessionsController#new (for 192.168.2.1/Users/jna/src/gothttps/app/views/domains/index.html.erb:30: warning: Object#id will be deprecated; use Object#object_id
/Users/jna/src/gothttps/app/views/domains/index.html.erb:30: warning: Object#id will be deprecated; use Object#object_id
/Users/jna/src/gothttps/app/views/domains/index.html.erb:30: warning: Object#id will be deprecated; use Object#object_id
/Users/jna/src/gothttps/app/views/domains/index.html.erb:30: warning: Object#id will be deprecated; use Object#object_id
/Users/jna/src/gothttps/app/views/domains/index.html.erb:30: warning: Object#id will be deprecated; use Object#object_id
/Users/jna/src/gothttps/app/views/domains/index.html.erb:30: warning: Object#id will be deprecated; use Object#object_id
01 at 2010-12-19 17:48:00) [GET]
  Parameters: {"action"=>"new", "controller"=>"user_sessions"}
  [4;35;1mUser Columns (2.0ms)[0m   [0mSHOW FIELDS FROM `users`[0m
Rendering user_sessions/new
Completed in 234ms (View: 5, DB: 2) | 200 OK [http://retina.net/]
  [4;36;1mSQL (0.2ms)[0m   [0;1mSET SQL_AUTO_IS_NULL=0[0m


Processing UserSessionsController#new (for 192.168.2.101 at 2010-12-19 19:02:58) [GET]
  Parameters: {"action"=>"new", "controller"=>"user_sessions"}
  [4;35;1mUser Columns (2.1ms)[0m   [0mSHOW FIELDS FROM `users`[0m
Rendering user_sessions/new
Completed in 341ms (View: 35, DB: 2) | 200 OK [http://retina.net/]
  [4;36;1mSQL (0.2ms)[0m   [0;1mSET SQL_AUTO_IS_NULL=0[0m


Processing UserSessionsController#new (for 192.168.2.101 at 2010-12-20 01:45:27) [GET]
  Parameters: {"action"=>"new", "controller"=>"user_sessions"}
  [4;35;1mUser Columns (2.0ms)[0m   [0mSHOW FIELDS FROM `users`[0m
Rendering user_sessions/new
Completed in 434ms (View: 35, DB: 2) | 200 OK [http://retina.net/]
  [4;36;1mSQL (0.1ms)[0m   [0;1mSET SQL_AUTO_IS_NULL=0[0m


Processing UserSessionsController#new (for 192.168.2.101 at 2010-12-20 10:49:30) [GET]
  Parameters: {"action"=>"new", "controller"=>"user_sessions"}
  [4;35;1mUser Columns (2.0ms)[0m   [0mSHOW FIELDS FROM `users`[0m
Rendering user_sessions/new
Completed in 401ms (View: 35, DB: 2) | 200 OK [http://retina.net/]
  [4;36;1mSQL (0.1ms)[0m   [0;1mSET SQL_AUTO_IS_NULL=0[0m


Processing UserSessionsController#new (for 174.46.233.130 at 2010-12-20 13:11:30) [GET]
  Parameters: {"action"=>"new", "controller"=>"user_sessions"}
  [4;35;1mUser Columns (2.1ms)[0m   [0mSHOW FIELDS FROM `users`[0m
Rendering user_sessions/new
Completed in 332ms (View: 5, DB: 2) | 200 OK [http://retina.net/]
  [4;36;1mSQL (0.2ms)[0m   [0;1mSET SQL_AUTO_IS_NULL=0[0m


Processing UserSessionsController#new (for 174.46.233.130 at 2010-12-20 15:46:35) [GET]
  Parameters: {"action"=>"new", "controller"=>"user_sessions"}
  [4;35;1mUser Columns (77.5ms)[0m   [0mSHOW FIELDS FROM `users`[0m
Rendering user_sessions/new
Completed in 338ms (View: 5, DB: 78) | 200 OK [http://retina.net/]
  [4;36;1mSQL (0.1ms)[0m   [0;1mSET SQL_AUTO_IS_NULL=0[0m


Processing UserSessionsController#new (for 174.46.233.130 at 2010-12-20 17:41:29) [GET]
  Parameters: {"action"=>"new", "controller"=>"user_sessions"}
  [4;35;1mUser Columns (2.0ms)[0m   [0mSHOW FIELDS FROM `users`[0m
Rendering user_sessions/new
Completed in 46ms (View: 4, DB: 2) | 200 OK [http://retina.net/]
  [4;36;1mSQL (0.2ms)[0m   [0;1mSET SQL_AUTO_IS_NULL=0[0m


Processing DomainsController#index (for 76.169.196.76 at 2010-12-21 12:05:01) [GET]
  Parameters: {"action"=>"index", "controller"=>"domains"}
  [4;35;1mDomain Load (75.4ms)[0m   [0mselect * from domains where id in (select max(id) from domains group by name)[0m
Rendering template within layouts/domains
Rendering domains/index
  [4;36;1mDomain Columns (1.8ms)[0m   [0;1mSHOW FIELDS FROM `domains`[0m
Completed in 220ms (View: 67, DB: 77) | 200 OK [http://www.retina.net/domains]
  [4;35;1mSQL (0.1ms)[0m   [0mSET SQL_AUTO_IS_NULL=0[0m


Processing DomainsController#index (for 69.60.16.194 at 2010-12-21 12:05:18) [GET]
  Parameters: {"action"=>"index", "controller"=>"domains"}
  [4;36;1mDomain Load (0.6ms)[0m   [0;1mselect * from domains where id in (select max(id) from domains group by name)[0m
Rendering template within layouts/domains
Rendering domains/index
  [4;35;1mDomain Columns (10.9ms)[0m   [0mSHOW FIELDS FROM `domains`[0m
Completed in 33ms (View: 16, DB: 12) | 200 OK [http://www.retina.net/domains]
  [4;36;1mSQL (0.1ms)[0m   [0;1mSET SQL_AUTO_IS_NULL=0[0m


Processing DomainsController#show (for 69.60.16.194 at 2010-12-21 12:05:31) [GET]
  Parameters: {"action"=>"show", "id"=>"2", "controller"=>"domains"}
  [4;35;1mDomain Columns (11.3ms)[0m   [0mSHOW FIELDS FROM `domains`[0m
  [4;36;1mDomain Load (0.9ms)[0m   [0;1mSELECT * FROM `domains` WHERE (`domains`.`id` = 2) [0m
Rendering template within layouts/domains
Rendering domains/sh/Users/jna/src/gothttps/app/views/domains/index.html.erb:30: warning: Object#id will be deprecated; use Object#object_id
/Users/jna/src/gothttps/app/views/domains/index.html.erb:30: warning: Object#id will be deprecated; use Object#object_id
/Users/jna/src/gothttps/app/views/domains/index.html.erb:30: warning: Object#id will be deprecated; use Object#object_id
ow
Completed in 22ms (View: 4, DB: 12) | 200 OK [http://www.retina.net/domains/2]
  [4;35;1mSQL (0.1ms)[0m   [0mSET SQL_AUTO_IS_NULL=0[0m


Processing DomainsController#show (for 69.60.16.194 at 2010-12-21 12:05:45) [GET]
  Parameters: {"action"=>"show", "id"=>"2", "controller"=>"domains"}
  [4;36;1mDomain Columns (11.9ms)[0m   [0;1mSHOW FIELDS FROM `domains`[0m
  [4;35;1mDomain Load (0.8ms)[0m   [0mSELECT * FROM `domains` WHERE (`domains`.`id` = 2) [0m
Rendering template within layouts/domains
Rendering domains/show
Completed in 83ms (View: 4, DB: 13) | 200 OK [http://www.retina.net/domains/2]
  [4;36;1mSQL (0.1ms)[0m   [0;1mSET SQL_AUTO_IS_NULL=0[0m


Processing DomainsController#2 (for 69.60.16.194 at 2010-12-21 12:05:50) [POST]
  Parameters: {"action"=>"2", "_method"=>"change", "controller"=>"domains"}

ActionController::UnknownAction (No action responded to 2. Actions: change, create, destroy, edit, index, new, show, and update):
  

Rendering rescues/layout (not_found)
  [4;35;1mSQL (0.1ms)[0m   [0mSET SQL_AUTO_IS_NULL=0[0m


Processing DomainsController#new (for 69.60.16.194 at 2010-12-21 12:05:57) [GET]
  Parameters: {"action"=>"new", "controller"=>"domains"}
  [4;36;1mDomain Columns (11.7ms)[0m   [0;1mSHOW FIELDS FROM `domains`[0m
Rendering template within layouts/domains
Rendering domains/new
Completed in 26ms (View: 9, DB: 12) | 200 OK [http://www.retina.net/domains/new]
  [4;35;1mSQL (0.1ms)[0m   [0mSET SQL_AUTO_IS_NULL=0[0m


Processing DomainsController#index (for 76.169.196.76 at 2010-12-21 13:45:22) [GET]
  Parameters: {"action"=>"index", "controller"=>"domains"}
  [4;36;1mDomain Load (0.6ms)[0m   [0;1mselect * from domains where id in (select max(id) from domains group by name)[0m
Rendering template within layouts/domains
Rendering domains/index
  [4;35;1mDomain Columns (1.9ms)[0m   [0mSHOW FIELDS FROM `domains`[0m
Completed in 242ms (View: 153, DB: 3) | 200 OK [http://www.retina.net/domains]
  [4;36;1mSQL (0.1ms)[0m   [0;1mSET SQL_AUTO_IS_NULL=0[0m


Processing UserSessionsController#new (for 174.46.233.130 at 2010-12-21 14:01:59) [GET]
  Parameters: {"action"=>"new", "controller"=>"user_sessions"}
  [4;35;1mUser Columns (2.1ms)[0m   [0mSHOW FIELDS FROM `users`[0m
Rendering user_sessions/new
Completed in 379ms (View: 35, DB: 2) | 200 OK [http://retina.net/]
  [4;36;1mSQL (0.1ms)[0m   [0;1mSET SQL_AUTO_IS_NULL=0[0m


Processing UserSessionsController#new (for 174.46.233.130 at 2010-12-21 15:46:17) [GET]
  Parameters: {"action"=>"new", "controller"=>"user_sessions"}
  [4;35;1mUser Columns (2.0ms)[0m   [0mSHOW FIELDS FROM `users`[0m
Rendering user_sessions/new
Completed in 32ms (View: 4, DB: 2) | 200 OK [http://retina.net/]
  [4;36;1mSQL (0.2ms)[0m   [0;1mSET SQL_AUTO_IS_NULL=0[0m


Processing UserSessionsController#new (for 174.46.233.130 at 2010-12-21 16:49:03) [GET]
  Parameters: {"action"=>"new", "controller"=>"user_sessions"}
  [4;35;1mUser Columns (2.1ms)[0m   [0mSHOW FIELDS FROM `users`[0m
Rendering user_sessions/new
Completed in 79ms (View: 4, DB: 2) | 200 OK [http://retina.net/]
  [4;36;1mSQL (0.1ms)[0m   [0;1mSET SQL_AUTO_IS_NULL=0[0m


Processing UserSessionsController#new (for 174.46.233.130 at 2010-12-21 17:57:33) [GET]
  Parameters: {"action"=>"new", "controller"=>"user_sessions"}
  [4;35;1mUser Columns (11.3ms)[0m   [0mSHOW FIELDS FROM `users`[0m
Rendering user_sessions/new
Completed in 28ms (View: 4, DB: 11) | 200 OK [http://retina.net/]
  [4;36;1mSQL (0.1ms)[0m   [0;1mSET SQL_AUTO_IS_NULL=0[0m


Processing UserSessionsController#new (for 192.168.2.101 at 2010-12-21 23:13:14) [GET]
  Parameters: {"action"=>"new", "controller"=>"user_sessions"}
  [4;35;1mUser Columns (2.1ms)[0m   [0mSHOW FIELDS FROM `users`[0m
Rendering user_sessions/new
Completed in 45ms (View: 4, DB: 2) | 200 OK [http://retina.net/]
  [4;36;1mSQL (0.1ms)[0m   [0;1mSET SQL_AUTO_IS_NULL=0[0m


Processing UserSessionsController#new (for 192.168.2.101 at 2010-12-22 01:08:40) [GET]
  Parameters: {"action"=>"new", "controller"=>"user_sessions"}
  [4;35;1mUser Columns (11.6ms)[0m   [0mSHOW FIELDS FROM `users`[0m
Rendering user_sessions/new
Completed in 29ms (View: 5, DB: 12) | 200 OK [http://retina.net/]
  [4;36;1mSQL (0.1ms)[0m   [0;1mSET SQL_AUTO_IS_NULL=0[0m


Processing UserSessionsController#new (for 192.168.2.101 at 2010-12-22 02:38:02) [GET]
  Parameters: {"action"=>"new", "controller"=>"user_sessions"}
  [4;35;1mUser Columns (11.3ms)[0m   [0mSHOW FIELDS FROM `users`[0m
Rendering user_sessions/new
Completed in 29ms (View: 4, DB: 11) | 200 OK [http://retina.net/]
  [4;36;1mSQL (0.1ms)[0m   [0;1mSET SQL_AUTO_IS_NULL=0[0m


Processing UserSessionsController#new (for 192.168.2.101 at 2010-12-22 10:12:32) [GET]
  Parameters: {"action"=>"new", "controller"=>"user_sessions"}
  [4;35;1mUser Columns (2.1ms)[0m   [0mSHOW FIELDS FROM `users`[0m
Rendering user_sessions/new
Completed in 110ms (View: 5, DB: 2) | 200 OK [http://retina.net/]
  [4;36;1mSQL (0.1ms)[0m   [0;1mSET SQL_AUTO_IS_NULL=0[0m


Processing UserSessionsController#new (for 192.168.2.101 at 2010-12-22 11:21:16) [GET]
  Parameters: {"action"=>"new", "controller"=>"user_sessions"}
  [4;35;1mUser Columns (12.0ms)[0m   [0mSHOW FIELDS FROM `users`[0m
Rendering user_sessions/new
Completed in 94ms (View: 4, DB: 12) | 200 OK [http://retina.net/]
  [4;36;1mSQL (0.1ms)[0m   [0;1mSET SQL_AUTO_IS_NULL=0[0m


Processing UserSessionsController#new (for 174.46.233.130 at 2010-12-22 12:31:48) [GET]
  Parameters: {"action"=>"new", "controller"=>"user_sessions"}
  [4;35;1mUser Columns (11.8ms)[0m   [0mSHOW FIELDS FROM `users`[0m
Rendering user_sessions/new
Completed in 29ms (View: 4, DB: 12) | 200 OK [http://retina.net/]
  [4;36;1mSQL (0.1ms)[0m   [0;1mSET SQL_AUTO_IS_NULL=0[0m


Processing UserSessionsController#new (for 192.168.2.101 at 2010-12-23 09:09:59) [GET]
  Parameters: {"action"=>"new", "controller"=>"user_sessions"}
  [4;35;1mUser Columns (2.1ms)[0m   [0mSHOW FIELDS FROM `users`[0m
Rendering user_sessions/new
Completed in 337ms (View: 5, DB: 2) | 200 OK [http://retina.net/]
  [4;36;1mSQL (0.1ms)[0m   [0;1mSET SQL_AUTO_IS_NULL=0[0m


Processing UserSessionsController#new (for 192.168.2.101 at 2010-12-23 10:15:31) [GET]
  Parameters: {"action"=>"new", "controller"=>"user_sessions"}
  [4;35;1mUser Columns (2.0ms)[0m   [0mSHOW FIELDS FROM `users`[0m
Rendering user_sessions/new
Completed in 103ms (View: 4, DB: 2) | 200 OK [http://retina.net/]
  [4;36;1mSQL (0.2ms)[0m   [0;1mSET SQL_AUTO_IS_NULL=0[0m


Processing UserSessionsController#new (for 174.46.233.130 at 2010-12-23 13:53:36) [GET]
  Parameters: {"action"=>"new", "controller"=>"user_sessions"}
  [4;35;1mUser Columns (2.1ms)[0m   [0mSHOW FIELDS FROM `users`[0m
Rendering user_sessions/new
Completed in 624ms (View: 4, DB: 2) | 200 OK [http://retina.net/]
  [4;36;1mSQL (0.1ms)[0m   [0;1mSET SQL_AUTO_IS_NULL=0[0m


Processing UserSessionsController#new (for 174.46.233.130 at 2010-12-23 15:02:51) [GET]
  Parameters: {"action"=>"new", "controller"=>"user_sessions"}
  [4;35;1mUser Columns (11.7ms)[0m   [0mSHOW FIELDS FROM `users`[0m
Rendering user_sessions/new
Completed in 105ms (View: 4, DB: 12) | 200 OK [http://retina.net/]
  [4;36;1mSQL (0.1ms)[0m   [0;1mSET SQL_AUTO_IS_NULL=0[0m


Processing UserSessionsController#new (for 192.168.2.101 at 2010-12-23 19:16:05) [GET]
  Parameters: {"action"=>"new", "controller"=>"user_sessions"}
  [4;35;1mUser Columns (2.0ms)[0m   [0mSHOW FIELDS FROM `users`[0m
Rendering user_sessions/new
Completed in 201ms (View: 4, DB: 2) | 200 OK [http://retina.net/]
  [4;36;1mSQL (0.1ms)[0m   [0;1mSET SQL_AUTO_IS_NULL=0[0m


Processing UserSessionsController#new (for 192.168.2.101 at 2010-12-23 21:24:54) [GET]
  Parameters: {"action"=>"new", "controller"=>"user_sessions"}
  [4;35;1mUser Columns (36.0ms)[0m   [0mSHOW FIELDS FROM `users`[0m
Rendering user_sessions/new
Completed in 470ms (View: 4, DB: 36) | 200 OK [http://retina.net/]
  [4;36;1mSQL (0.2ms)[0m   [0;1mSET SQL_AUTO_IS_NULL=0[0m


Processing UserSessionsController#new (for 192.168.2.101 at 2010-12-23 